[0218/234111.839:ERROR:third_party\crashpad\crashpad\util\file\file_io_win.cc:202] LockFileEx: 잘못된 기능입니다. (0x1)
[0218/234111.843:ERROR:third_party\crashpad\crashpad\util\file\file_io_win.cc:202] LockFileEx: 잘못된 기능입니다. (0x1)
[0218/234111.844:ERROR:third_party\crashpad\crashpad\util\file\file_io_win.cc:202] LockFileEx: 잘못된 기능입니다. (0x1)
[0218/234111.848:ERROR:third_party\crashpad\crashpad\util\file\file_io_win.cc:202] LockFileEx: 잘못된 기능입니다. (0x1)
[15060:9684:0218/234112.041:ERROR:components\segmentation_platform\internal\database\ukm_database_backend.cc:148] Failed to open UKM database: 0 database is locked

DevTools listening on ws://127.0.0.1:33217/devtools/browser/373edfc9-f993-4724-b943-8aff587ed1e7
[15060:9840:0218/234112.137:ERROR:components\password_manager\core\browser\password_store\login_database.cc:1141] Unable to open the password store database.
[15060:9840:0218/234112.137:ERROR:components\password_manager\core\browser\password_store\login_database_async_helper.cc:79] Could not create/open login database.
[15060:17888:0218/234112.143:ERROR:components\password_manager\core\browser\password_store\login_database.cc:1141] Unable to open the password store database.
[15060:17888:0218/234112.144:ERROR:components\password_manager\core\browser\password_store\login_database_async_helper.cc:79] Could not create/open login database.
[15060:4764:0218/234112.148:ERROR:content\browser\network_sandbox.cc:384] Failed to grant sandbox access to cache directory \\wsl.localhost\Ubuntu-24.04\home\theo\habit-fairy-mobile\undefined\Users\undefined\AppData\Local\lighthouse.86300856\Default\Cache\Cache_Data: 잘못된 기능입니다. (0x1)
[15060:4764:0218/234112.173:ERROR:content\browser\network_sandbox.cc:317] Failed to grant sandbox access to NoVarySearch directory \\wsl.localhost\Ubuntu-24.04\home\theo\habit-fairy-mobile\undefined\Users\undefined\AppData\Local\lighthouse.86300856\Default\Cache\No_Vary_Search: 잘못된 기능입니다. (0x1)
[15060:13336:0218/234112.174:ERROR:content\browser\network_sandbox.cc:489] Failed to grant sandbox access to network context data directory \\wsl.localhost\Ubuntu-24.04\home\theo\habit-fairy-mobile\undefined\Users\undefined\AppData\Local\lighthouse.86300856\Default\Safe Browsing Network: 잘못된 기능입니다. (0x1)
[15060:4764:0218/234112.211:ERROR:content\browser\network_sandbox.cc:317] Failed to grant sandbox access to SharedDictionary directory \\wsl.localhost\Ubuntu-24.04\home\theo\habit-fairy-mobile\undefined\Users\undefined\AppData\Local\lighthouse.86300856\Default\Shared Dictionary: 잘못된 기능입니다. (0x1)
[15060:4764:0218/234112.251:ERROR:content\browser\network_sandbox.cc:489] Failed to grant sandbox access to network context data directory \\wsl.localhost\Ubuntu-24.04\home\theo\habit-fairy-mobile\undefined\Users\undefined\AppData\Local\lighthouse.86300856\Default\Network: 잘못된 기능입니다. (0x1)
[15060:16132:0218/234112.287:ERROR:content\browser\network_service_instance_impl.cc:243] Encountered error while migrating network context data or granting sandbox access for \\wsl.localhost\Ubuntu-24.04\home\theo\habit-fairy-mobile\undefined\Users\undefined\AppData\Local\lighthouse.86300856\Default\Safe Browsing Network. Result: 6: 작업을 완료했습니다. (0x0)
[15060:16132:0218/234112.306:ERROR:content\browser\network_service_instance_impl.cc:243] Encountered error while migrating network context data or granting sandbox access for \\wsl.localhost\Ubuntu-24.04\home\theo\habit-fairy-mobile\undefined\Users\undefined\AppData\Local\lighthouse.86300856\Default\Network. Result: 6: 매개 변수가 틀립니다. (0x57)
[15060:13336:0218/234112.344:ERROR:components\history\core\browser\top_sites_backend.cc:78] Failed to initialize database.
[15060:7580:0218/234119.137:ERROR:google_apis\gcm\engine\gcm_store_impl.cc:321] Failed to open database \\wsl.localhost\Ubuntu-24.04\home\theo\habit-fairy-mobile\undefined\Users\undefined\AppData\Local\lighthouse.86300856\Default\GCM Store: IO error: \\wsl.localhost\Ubuntu-24.04\home\theo\habit-fairy-mobile\undefined\Users\undefined\AppData\Local\lighthouse.86300856\Default\GCM Store/LOCK: No further details. (ChromeMethodBFE: 15::LockFile::1)
[15060:7580:0218/234120.167:ERROR:google_apis\gcm\engine\gcm_store_impl.cc:418] Destroy failed: IO error: \\wsl.localhost\Ubuntu-24.04\home\theo\habit-fairy-mobile\undefined\Users\undefined\AppData\Local\lighthouse.86300856\Default\GCM Store/LOCK: No further details. (ChromeMethodBFE: 15::LockFile::1)
[15060:17896:0218/234120.167:ERROR:components\gcm_driver\gcm_client_impl.cc:759] Failed to reset GCM store
